2014-09-23 10:36:10,968-[HL] ERROR pool-1-thread-2 com.absir.async.AysncRunable - 
java.lang.ExceptionInInitializerError
	at com.absir.appserv.client.service.LotService.reload(LotService.java:101)
	at sun.reflect.NativeMethodAccessorImpl.invoke0(Native Method)
	at sun.reflect.NativeMethodAccessorImpl.invoke(NativeMethodAccessorImpl.java:39)
	at sun.reflect.DelegatingMethodAccessorImpl.invoke(DelegatingMethodAccessorImpl.java:25)
	at java.lang.reflect.Method.invoke(Method.java:597)
	at com.absir.aop.AopProxyCglib.invoke(AopProxyCglib.java:48)
	at com.absir.aop.AopProxyHandler.invoke(AopProxyHandler.java:157)
	at com.absir.aop.AopProxyHandler.invoke(AopProxyHandler.java:141)
	at com.absir.async.AysncRunableNotifier$1.run(AysncRunableNotifier.java:81)
	at java.util.concurrent.ThreadPoolExecutor$Worker.runTask(ThreadPoolExecutor.java:895)
	at java.util.concurrent.ThreadPoolExecutor$Worker.run(ThreadPoolExecutor.java:918)
	at java.lang.Thread.run(Thread.java:695)
Caused by: java.lang.NullPointerException
	at com.absir.appserv.client.context.PlayerContext.<clinit>(PlayerContext.java:138)
	... 12 more
2014-09-23 10:37:39,972-[HL] ERROR pool-1-thread-2 com.absir.async.AysncRunable - 
java.lang.ExceptionInInitializerError
	at com.absir.appserv.client.service.LotService.reload(LotService.java:101)
	at sun.reflect.NativeMethodAccessorImpl.invoke0(Native Method)
	at sun.reflect.NativeMethodAccessorImpl.invoke(NativeMethodAccessorImpl.java:39)
	at sun.reflect.DelegatingMethodAccessorImpl.invoke(DelegatingMethodAccessorImpl.java:25)
	at java.lang.reflect.Method.invoke(Method.java:597)
	at com.absir.aop.AopProxyCglib.invoke(AopProxyCglib.java:48)
	at com.absir.aop.AopProxyHandler.invoke(AopProxyHandler.java:157)
	at com.absir.aop.AopProxyHandler.invoke(AopProxyHandler.java:141)
	at com.absir.async.AysncRunableNotifier$1.run(AysncRunableNotifier.java:81)
	at java.util.concurrent.ThreadPoolExecutor$Worker.runTask(ThreadPoolExecutor.java:895)
	at java.util.concurrent.ThreadPoolExecutor$Worker.run(ThreadPoolExecutor.java:918)
	at java.lang.Thread.run(Thread.java:695)
Caused by: java.lang.NullPointerException
	at com.absir.appserv.client.context.PlayerContext.<clinit>(PlayerContext.java:138)
	... 12 more
2014-09-23 10:37:40,225-[HL] ERROR pool-1-thread-3 org.hibernate.engine.jdbc.spi.SqlExceptionHelper - An SQLException was provoked by the following failure: java.lang.InterruptedException
2014-09-23 10:37:40,228-[HL] ERROR pool-1-thread-3 com.absir.async.AysncRunable - 
org.hibernate.exception.GenericJDBCException: could not prepare statement
	at org.hibernate.exception.internal.StandardSQLExceptionConverter.convert(StandardSQLExceptionConverter.java:54)
	at org.hibernate.engine.jdbc.spi.SqlExceptionHelper.convert(SqlExceptionHelper.java:126)
	at org.hibernate.engine.jdbc.internal.StatementPreparerImpl$StatementPreparationTemplate.prepareStatement(StatementPreparerImpl.java:196)
	at org.hibernate.engine.jdbc.internal.StatementPreparerImpl.prepareStatement(StatementPreparerImpl.java:96)
	at org.hibernate.engine.jdbc.batch.internal.AbstractBatchImpl.buildBatchStatement(AbstractBatchImpl.java:152)
	at org.hibernate.engine.jdbc.batch.internal.AbstractBatchImpl.getBatchStatement(AbstractBatchImpl.java:141)
	at org.hibernate.persister.collection.AbstractCollectionPersister.remove(AbstractCollectionPersister.java:1194)
	at org.hibernate.action.internal.CollectionRemoveAction.execute(CollectionRemoveAction.java:113)
	at org.hibernate.engine.spi.ActionQueue.executeActions(ActionQueue.java:461)
	at org.hibernate.engine.spi.ActionQueue.executeActions(ActionQueue.java:347)
	at org.hibernate.event.internal.AbstractFlushingEventListener.performExecutions(AbstractFlushingEventListener.java:350)
	at org.hibernate.event.internal.DefaultFlushEventListener.onFlush(DefaultFlushEventListener.java:56)
	at org.hibernate.internal.SessionImpl.flush(SessionImpl.java:1222)
	at org.hibernate.internal.SessionImpl.managedFlush(SessionImpl.java:425)
	at org.hibernate.engine.transaction.internal.jdbc.JdbcTransaction.beforeTransactionCommit(JdbcTransaction.java:101)
	at org.hibernate.engine.transaction.spi.AbstractTransactionImpl.commit(AbstractTransactionImpl.java:177)
	at com.absir.orm.hibernate.transaction.JSessionContext$1.close(JSessionContext.java:119)
	at com.absir.orm.transaction.TransactionSession.closeCurrent(TransactionSession.java:113)
	at com.absir.orm.transaction.TransactionContext.closeCurrent(TransactionContext.java:93)
	at com.absir.orm.transaction.TransactionUtils.close(TransactionUtils.java:79)
	at com.absir.orm.transaction.TransactionManager.close(TransactionManager.java:154)
	at com.absir.orm.transaction.TransactionInterceptor.after(TransactionInterceptor.java:52)
	at com.absir.orm.transaction.TransactionInterceptor.after(TransactionInterceptor.java:1)
	at com.absir.aop.AopProxyHandler.invoke(AopProxyHandler.java:151)
	at com.absir.async.AysncRunableNotifier$1.run(AysncRunableNotifier.java:81)
	at java.util.concurrent.ThreadPoolExecutor$Worker.runTask(ThreadPoolExecutor.java:895)
	at java.util.concurrent.ThreadPoolExecutor$Worker.run(ThreadPoolExecutor.java:918)
	at java.lang.Thread.run(Thread.java:695)
Caused by: java.sql.SQLException: An SQLException was provoked by the following failure: java.lang.InterruptedException
	at com.mchange.v2.sql.SqlUtils.toSQLException(SqlUtils.java:118)
	at com.mchange.v2.sql.SqlUtils.toSQLException(SqlUtils.java:77)
	at com.mchange.v2.sql.SqlUtils.toSQLException(SqlUtils.java:74)
	at com.mchange.v2.c3p0.stmt.GooGooStatementCache.acquireStatement(GooGooStatementCache.java:583)
	at com.mchange.v2.c3p0.stmt.GooGooStatementCache.checkoutStatement(GooGooStatementCache.java:204)
	at com.mchange.v2.c3p0.impl.NewPooledConnection.checkoutStatement(NewPooledConnection.java:308)
	at com.mchange.v2.c3p0.impl.NewProxyConnection.prepareStatement(NewProxyConnection.java:148)
	at org.hibernate.engine.jdbc.internal.StatementPreparerImpl$1.doPrepare(StatementPreparerImpl.java:103)
	at org.hibernate.engine.jdbc.internal.StatementPreparerImpl$StatementPreparationTemplate.prepareStatement(StatementPreparerImpl.java:186)
	... 25 more
Caused by: java.lang.InterruptedException
	at java.lang.Object.wait(Native Method)
	at java.lang.Object.wait(Object.java:485)
	at com.mchange.v2.c3p0.stmt.GooGooStatementCache.acquireStatement(GooGooStatementCache.java:573)
	... 30 more
2014-09-23 10:38:26,505-[HL] ERROR pool-1-thread-2 com.absir.async.AysncRunable - 
java.lang.ExceptionInInitializerError
	at com.absir.appserv.client.service.LotService.reload(LotService.java:101)
	at sun.reflect.NativeMethodAccessorImpl.invoke0(Native Method)
	at sun.reflect.NativeMethodAccessorImpl.invoke(NativeMethodAccessorImpl.java:39)
	at sun.reflect.DelegatingMethodAccessorImpl.invoke(DelegatingMethodAccessorImpl.java:25)
	at java.lang.reflect.Method.invoke(Method.java:597)
	at com.absir.aop.AopProxyCglib.invoke(AopProxyCglib.java:48)
	at com.absir.aop.AopProxyHandler.invoke(AopProxyHandler.java:157)
	at com.absir.aop.AopProxyHandler.invoke(AopProxyHandler.java:141)
	at com.absir.async.AysncRunableNotifier$1.run(AysncRunableNotifier.java:81)
	at java.util.concurrent.ThreadPoolExecutor$Worker.runTask(ThreadPoolExecutor.java:895)
	at java.util.concurrent.ThreadPoolExecutor$Worker.run(ThreadPoolExecutor.java:918)
	at java.lang.Thread.run(Thread.java:695)
Caused by: java.lang.NullPointerException
	at com.absir.appserv.client.context.PlayerContext.<clinit>(PlayerContext.java:138)
	... 12 more
2014-09-23 10:38:26,787-[HL] ERROR pool-1-thread-3 org.hibernate.engine.jdbc.spi.SqlExceptionHelper - An SQLException was provoked by the following failure: java.lang.InterruptedException
2014-09-23 10:38:26,789-[HL] ERROR pool-1-thread-3 com.absir.async.AysncRunable - 
org.hibernate.exception.GenericJDBCException: could not prepare statement
	at org.hibernate.exception.internal.StandardSQLExceptionConverter.convert(StandardSQLExceptionConverter.java:54)
	at org.hibernate.engine.jdbc.spi.SqlExceptionHelper.convert(SqlExceptionHelper.java:126)
	at org.hibernate.engine.jdbc.internal.StatementPreparerImpl$StatementPreparationTemplate.prepareStatement(StatementPreparerImpl.java:196)
	at org.hibernate.engine.jdbc.internal.StatementPreparerImpl.prepareStatement(StatementPreparerImpl.java:96)
	at org.hibernate.engine.jdbc.batch.internal.AbstractBatchImpl.buildBatchStatement(AbstractBatchImpl.java:152)
	at org.hibernate.engine.jdbc.batch.internal.AbstractBatchImpl.getBatchStatement(AbstractBatchImpl.java:141)
	at org.hibernate.persister.collection.AbstractCollectionPersister.remove(AbstractCollectionPersister.java:1194)
	at org.hibernate.action.internal.CollectionRemoveAction.execute(CollectionRemoveAction.java:113)
	at org.hibernate.engine.spi.ActionQueue.executeActions(ActionQueue.java:461)
	at org.hibernate.engine.spi.ActionQueue.executeActions(ActionQueue.java:347)
	at org.hibernate.event.internal.AbstractFlushingEventListener.performExecutions(AbstractFlushingEventListener.java:350)
	at org.hibernate.event.internal.DefaultFlushEventListener.onFlush(DefaultFlushEventListener.java:56)
	at org.hibernate.internal.SessionImpl.flush(SessionImpl.java:1222)
	at org.hibernate.internal.SessionImpl.managedFlush(SessionImpl.java:425)
	at org.hibernate.engine.transaction.internal.jdbc.JdbcTransaction.beforeTransactionCommit(JdbcTransaction.java:101)
	at org.hibernate.engine.transaction.spi.AbstractTransactionImpl.commit(AbstractTransactionImpl.java:177)
	at com.absir.orm.hibernate.transaction.JSessionContext$1.close(JSessionContext.java:119)
	at com.absir.orm.transaction.TransactionSession.closeCurrent(TransactionSession.java:113)
	at com.absir.orm.transaction.TransactionContext.closeCurrent(TransactionContext.java:93)
	at com.absir.orm.transaction.TransactionUtils.close(TransactionUtils.java:79)
	at com.absir.orm.transaction.TransactionManager.close(TransactionManager.java:154)
	at com.absir.orm.transaction.TransactionInterceptor.after(TransactionInterceptor.java:52)
	at com.absir.orm.transaction.TransactionInterceptor.after(TransactionInterceptor.java:1)
	at com.absir.aop.AopProxyHandler.invoke(AopProxyHandler.java:151)
	at com.absir.async.AysncRunableNotifier$1.run(AysncRunableNotifier.java:81)
	at java.util.concurrent.ThreadPoolExecutor$Worker.runTask(ThreadPoolExecutor.java:895)
	at java.util.concurrent.ThreadPoolExecutor$Worker.run(ThreadPoolExecutor.java:918)
	at java.lang.Thread.run(Thread.java:695)
Caused by: java.sql.SQLException: An SQLException was provoked by the following failure: java.lang.InterruptedException
	at com.mchange.v2.sql.SqlUtils.toSQLException(SqlUtils.java:118)
	at com.mchange.v2.sql.SqlUtils.toSQLException(SqlUtils.java:77)
	at com.mchange.v2.sql.SqlUtils.toSQLException(SqlUtils.java:74)
	at com.mchange.v2.c3p0.stmt.GooGooStatementCache.acquireStatement(GooGooStatementCache.java:583)
	at com.mchange.v2.c3p0.stmt.GooGooStatementCache.checkoutStatement(GooGooStatementCache.java:204)
	at com.mchange.v2.c3p0.impl.NewPooledConnection.checkoutStatement(NewPooledConnection.java:308)
	at com.mchange.v2.c3p0.impl.NewProxyConnection.prepareStatement(NewProxyConnection.java:148)
	at org.hibernate.engine.jdbc.internal.StatementPreparerImpl$1.doPrepare(StatementPreparerImpl.java:103)
	at org.hibernate.engine.jdbc.internal.StatementPreparerImpl$StatementPreparationTemplate.prepareStatement(StatementPreparerImpl.java:186)
	... 25 more
Caused by: java.lang.InterruptedException
	at java.lang.Object.wait(Native Method)
	at java.lang.Object.wait(Object.java:485)
	at com.mchange.v2.c3p0.stmt.GooGooStatementCache.acquireStatement(GooGooStatementCache.java:573)
	... 30 more
2014-09-23 10:47:02,344-[HL] ERROR pool-1-thread-2 com.absir.async.AysncRunable - 
java.lang.ExceptionInInitializerError
	at com.absir.appserv.client.service.LotService.reload(LotService.java:101)
	at sun.reflect.NativeMethodAccessorImpl.invoke0(Native Method)
	at sun.reflect.NativeMethodAccessorImpl.invoke(NativeMethodAccessorImpl.java:39)
	at sun.reflect.DelegatingMethodAccessorImpl.invoke(DelegatingMethodAccessorImpl.java:25)
	at java.lang.reflect.Method.invoke(Method.java:597)
	at com.absir.aop.AopProxyCglib.invoke(AopProxyCglib.java:48)
	at com.absir.aop.AopProxyHandler.invoke(AopProxyHandler.java:157)
	at com.absir.aop.AopProxyHandler.invoke(AopProxyHandler.java:141)
	at com.absir.async.AysncRunableNotifier$1.run(AysncRunableNotifier.java:81)
	at java.util.concurrent.ThreadPoolExecutor$Worker.runTask(ThreadPoolExecutor.java:895)
	at java.util.concurrent.ThreadPoolExecutor$Worker.run(ThreadPoolExecutor.java:918)
	at java.lang.Thread.run(Thread.java:695)
Caused by: java.lang.NullPointerException
	at com.absir.appserv.client.context.PlayerContext.<clinit>(PlayerContext.java:138)
	... 12 more
