2014-09-23 10:36:06,747-[HL] WARN main org.hibernate.internal.util.xml.DTDEntityResolver - HHH000223: Recognized obsolete hibernate namespace http://hibernate.sourceforge.net/. Use namespace http://www.hibernate.org/dtd/ instead. Refer to Hibernate 3.6 Migration Guide!
2014-09-23 10:36:08,509-[HL] WARN main org.hibernate.cache.ehcache.AbstractEhcacheRegionFactory - HHH020003: Could not find a specific ehcache configuration for cache named [org.hibernate.cache.spi.UpdateTimestampsCache]; using defaults.
2014-09-23 10:36:08,526-[HL] WARN main org.hibernate.cache.ehcache.AbstractEhcacheRegionFactory - HHH020003: Could not find a specific ehcache configuration for cache named [org.hibernate.cache.internal.StandardQueryCache]; using defaults.
2014-09-23 10:36:08,698-[HL] WARN main org.hibernate.cache.ehcache.AbstractEhcacheRegionFactory - HHH020003: Could not find a specific ehcache configuration for cache named [com.absir.appserv.client.bean.JQuestionCategory]; using defaults.
2014-09-23 10:36:08,711-[HL] WARN main org.hibernate.cache.ehcache.AbstractEhcacheRegionFactory - HHH020003: Could not find a specific ehcache configuration for cache named [com.absir.appserv.system.bean.JMenuCite]; using defaults.
2014-09-23 10:36:08,717-[HL] WARN main org.hibernate.cache.ehcache.AbstractEhcacheRegionFactory - HHH020003: Could not find a specific ehcache configuration for cache named [com.absir.appserv.client.bean.JActivityRecard]; using defaults.
2014-09-23 10:36:08,731-[HL] WARN main org.hibernate.cache.ehcache.AbstractEhcacheRegionFactory - HHH020003: Could not find a specific ehcache configuration for cache named [com.absir.appserv.system.bean.JMenu]; using defaults.
2014-09-23 10:36:08,775-[HL] WARN main org.hibernate.cache.ehcache.AbstractEhcacheRegionFactory - HHH020003: Could not find a specific ehcache configuration for cache named [com.absir.appserv.client.bean.JFollowMessage]; using defaults.
2014-09-23 10:36:08,780-[HL] WARN main org.hibernate.cache.ehcache.AbstractEhcacheRegionFactory - HHH020003: Could not find a specific ehcache configuration for cache named [com.absir.appserv.system.bean.JMenuPermission]; using defaults.
2014-09-23 10:36:08,799-[HL] WARN main org.hibernate.cache.ehcache.AbstractEhcacheRegionFactory - HHH020003: Could not find a specific ehcache configuration for cache named [com.absir.appserv.client.bean.JQuestion]; using defaults.
2014-09-23 10:36:08,806-[HL] WARN main org.hibernate.cache.ehcache.AbstractEhcacheRegionFactory - HHH020003: Could not find a specific ehcache configuration for cache named [com.absir.appserv.system.bean.JMaMenu]; using defaults.
2014-09-23 10:36:08,815-[HL] WARN main org.hibernate.cache.ehcache.AbstractEhcacheRegionFactory - HHH020003: Could not find a specific ehcache configuration for cache named [com.absir.appserv.client.bean.JFollow]; using defaults.
2014-09-23 10:36:08,842-[HL] WARN main org.hibernate.cache.ehcache.AbstractEhcacheRegionFactory - HHH020003: Could not find a specific ehcache configuration for cache named [com.absir.appserv.client.bean.JActivityHistory]; using defaults.
2014-09-23 10:36:08,851-[HL] WARN main org.hibernate.cache.ehcache.AbstractEhcacheRegionFactory - HHH020003: Could not find a specific ehcache configuration for cache named [com.absir.appserv.client.bean.JSuggestion]; using defaults.
2014-09-23 10:36:08,856-[HL] WARN main org.hibernate.cache.ehcache.AbstractEhcacheRegionFactory - HHH020003: Could not find a specific ehcache configuration for cache named [com.absir.appserv.client.bean.JQuestionAnswer]; using defaults.
2014-09-23 10:36:08,868-[HL] WARN main org.hibernate.cache.ehcache.AbstractEhcacheRegionFactory - HHH020003: Could not find a specific ehcache configuration for cache named [com.absir.appserv.client.bean.JPlayer]; using defaults.
2014-09-23 10:36:08,880-[HL] WARN main org.hibernate.cache.ehcache.AbstractEhcacheRegionFactory - HHH020003: Could not find a specific ehcache configuration for cache named [com.absir.appserv.client.bean.JPlayerReward]; using defaults.
2014-09-23 10:36:08,905-[HL] WARN main org.hibernate.cache.ehcache.AbstractEhcacheRegionFactory - HHH020003: Could not find a specific ehcache configuration for cache named [com.absir.appserv.system.bean.JMaMenu.permissions]; using defaults.
2014-09-23 10:36:08,908-[HL] WARN main org.hibernate.cache.ehcache.AbstractEhcacheRegionFactory - HHH020003: Could not find a specific ehcache configuration for cache named [com.absir.appserv.system.bean.JMenu.children]; using defaults.
2014-09-23 10:36:10,405-[HL] WARN main org.hibernate.hql.internal.ast.HqlSqlWalker - [DEPRECATION] Encountered positional parameter near line 1, column 75.  Positional parameter are considered deprecated; use named parameters or JPA-style positional parameters instead.
2014-09-23 10:36:10,900-[HL] WARN pool-1-thread-3 org.hibernate.hql.internal.ast.HqlSqlWalker - [DEPRECATION] Encountered positional parameter near line 1, column 78.  Positional parameter are considered deprecated; use named parameters or JPA-style positional parameters instead.
2014-09-23 10:36:10,901-[HL] WARN pool-1-thread-3 org.hibernate.hql.internal.ast.HqlSqlWalker - [DEPRECATION] Encountered positional parameter near line 1, column 98.  Positional parameter are considered deprecated; use named parameters or JPA-style positional parameters instead.
2014-09-23 10:36:11,004-[HL] WARN main org.hibernate.hql.internal.ast.HqlSqlWalker - [DEPRECATION] Encountered positional parameter near line 1, column 72.  Positional parameter are considered deprecated; use named parameters or JPA-style positional parameters instead.
2014-09-23 10:36:11,011-[HL] WARN main org.hibernate.hql.internal.ast.HqlSqlWalker - [DEPRECATION] Encountered positional parameter near line 1, column 72.  Positional parameter are considered deprecated; use named parameters or JPA-style positional parameters instead.
2014-09-23 10:36:11,089-[HL] WARN pool-1-thread-3 org.hibernate.hql.internal.ast.HqlSqlWalker - [DEPRECATION] Encountered positional parameter near line 1, column 77.  Positional parameter are considered deprecated; use named parameters or JPA-style positional parameters instead.
2014-09-23 10:36:11,099-[HL] WARN main org.hibernate.hql.internal.ast.HqlSqlWalker - [DEPRECATION] Encountered positional parameter near line 1, column 42.  Positional parameter are considered deprecated; use named parameters or JPA-style positional parameters instead.
2014-09-23 10:36:11,099-[HL] WARN pool-1-thread-3 org.hibernate.hql.internal.ast.HqlSqlWalker - [DEPRECATION] Encountered positional parameter near line 1, column 77.  Positional parameter are considered deprecated; use named parameters or JPA-style positional parameters instead.
2014-09-23 10:36:11,100-[HL] WARN main org.hibernate.hql.internal.ast.HqlSqlWalker - [DEPRECATION] Encountered positional parameter near line 1, column 55.  Positional parameter are considered deprecated; use named parameters or JPA-style positional parameters instead.
2014-09-23 10:36:11,109-[HL] WARN pool-1-thread-3 org.hibernate.hql.internal.ast.HqlSqlWalker - [DEPRECATION] Encountered positional parameter near line 1, column 78.  Positional parameter are considered deprecated; use named parameters or JPA-style positional parameters instead.
2014-09-23 10:36:11,109-[HL] WARN pool-1-thread-3 org.hibernate.hql.internal.ast.HqlSqlWalker - [DEPRECATION] Encountered positional parameter near line 1, column 98.  Positional parameter are considered deprecated; use named parameters or JPA-style positional parameters instead.
2014-09-23 10:37:36,040-[HL] WARN main org.hibernate.internal.util.xml.DTDEntityResolver - HHH000223: Recognized obsolete hibernate namespace http://hibernate.sourceforge.net/. Use namespace http://www.hibernate.org/dtd/ instead. Refer to Hibernate 3.6 Migration Guide!
2014-09-23 10:37:37,654-[HL] WARN main org.hibernate.cache.ehcache.AbstractEhcacheRegionFactory - HHH020003: Could not find a specific ehcache configuration for cache named [org.hibernate.cache.spi.UpdateTimestampsCache]; using defaults.
2014-09-23 10:37:37,671-[HL] WARN main org.hibernate.cache.ehcache.AbstractEhcacheRegionFactory - HHH020003: Could not find a specific ehcache configuration for cache named [org.hibernate.cache.internal.StandardQueryCache]; using defaults.
2014-09-23 10:37:37,801-[HL] WARN main org.hibernate.cache.ehcache.AbstractEhcacheRegionFactory - HHH020003: Could not find a specific ehcache configuration for cache named [com.absir.appserv.client.bean.JQuestionCategory]; using defaults.
2014-09-23 10:37:37,814-[HL] WARN main org.hibernate.cache.ehcache.AbstractEhcacheRegionFactory - HHH020003: Could not find a specific ehcache configuration for cache named [com.absir.appserv.system.bean.JMenuCite]; using defaults.
2014-09-23 10:37:37,820-[HL] WARN main org.hibernate.cache.ehcache.AbstractEhcacheRegionFactory - HHH020003: Could not find a specific ehcache configuration for cache named [com.absir.appserv.client.bean.JActivityRecard]; using defaults.
2014-09-23 10:37:37,834-[HL] WARN main org.hibernate.cache.ehcache.AbstractEhcacheRegionFactory - HHH020003: Could not find a specific ehcache configuration for cache named [com.absir.appserv.system.bean.JMenu]; using defaults.
2014-09-23 10:37:37,878-[HL] WARN main org.hibernate.cache.ehcache.AbstractEhcacheRegionFactory - HHH020003: Could not find a specific ehcache configuration for cache named [com.absir.appserv.client.bean.JFollowMessage]; using defaults.
2014-09-23 10:37:37,885-[HL] WARN main org.hibernate.cache.ehcache.AbstractEhcacheRegionFactory - HHH020003: Could not find a specific ehcache configuration for cache named [com.absir.appserv.system.bean.JMenuPermission]; using defaults.
2014-09-23 10:37:37,899-[HL] WARN main org.hibernate.cache.ehcache.AbstractEhcacheRegionFactory - HHH020003: Could not find a specific ehcache configuration for cache named [com.absir.appserv.client.bean.JQuestion]; using defaults.
2014-09-23 10:37:37,905-[HL] WARN main org.hibernate.cache.ehcache.AbstractEhcacheRegionFactory - HHH020003: Could not find a specific ehcache configuration for cache named [com.absir.appserv.system.bean.JMaMenu]; using defaults.
2014-09-23 10:37:37,916-[HL] WARN main org.hibernate.cache.ehcache.AbstractEhcacheRegionFactory - HHH020003: Could not find a specific ehcache configuration for cache named [com.absir.appserv.client.bean.JFollow]; using defaults.
2014-09-23 10:37:37,944-[HL] WARN main org.hibernate.cache.ehcache.AbstractEhcacheRegionFactory - HHH020003: Could not find a specific ehcache configuration for cache named [com.absir.appserv.client.bean.JActivityHistory]; using defaults.
2014-09-23 10:37:37,953-[HL] WARN main org.hibernate.cache.ehcache.AbstractEhcacheRegionFactory - HHH020003: Could not find a specific ehcache configuration for cache named [com.absir.appserv.client.bean.JSuggestion]; using defaults.
2014-09-23 10:37:37,958-[HL] WARN main org.hibernate.cache.ehcache.AbstractEhcacheRegionFactory - HHH020003: Could not find a specific ehcache configuration for cache named [com.absir.appserv.client.bean.JQuestionAnswer]; using defaults.
2014-09-23 10:37:37,967-[HL] WARN main org.hibernate.cache.ehcache.AbstractEhcacheRegionFactory - HHH020003: Could not find a specific ehcache configuration for cache named [com.absir.appserv.client.bean.JPlayer]; using defaults.
2014-09-23 10:37:37,985-[HL] WARN main org.hibernate.cache.ehcache.AbstractEhcacheRegionFactory - HHH020003: Could not find a specific ehcache configuration for cache named [com.absir.appserv.client.bean.JPlayerReward]; using defaults.
2014-09-23 10:37:38,005-[HL] WARN main org.hibernate.cache.ehcache.AbstractEhcacheRegionFactory - HHH020003: Could not find a specific ehcache configuration for cache named [com.absir.appserv.system.bean.JMaMenu.permissions]; using defaults.
2014-09-23 10:37:38,008-[HL] WARN main org.hibernate.cache.ehcache.AbstractEhcacheRegionFactory - HHH020003: Could not find a specific ehcache configuration for cache named [com.absir.appserv.system.bean.JMenu.children]; using defaults.
2014-09-23 10:37:39,365-[HL] WARN main org.hibernate.hql.internal.ast.HqlSqlWalker - [DEPRECATION] Encountered positional parameter near line 1, column 75.  Positional parameter are considered deprecated; use named parameters or JPA-style positional parameters instead.
2014-09-23 10:37:39,920-[HL] WARN pool-1-thread-3 org.hibernate.hql.internal.ast.HqlSqlWalker - [DEPRECATION] Encountered positional parameter near line 1, column 78.  Positional parameter are considered deprecated; use named parameters or JPA-style positional parameters instead.
2014-09-23 10:37:39,920-[HL] WARN pool-1-thread-3 org.hibernate.hql.internal.ast.HqlSqlWalker - [DEPRECATION] Encountered positional parameter near line 1, column 98.  Positional parameter are considered deprecated; use named parameters or JPA-style positional parameters instead.
2014-09-23 10:37:40,018-[HL] WARN main org.hibernate.hql.internal.ast.HqlSqlWalker - [DEPRECATION] Encountered positional parameter near line 1, column 72.  Positional parameter are considered deprecated; use named parameters or JPA-style positional parameters instead.
2014-09-23 10:37:40,030-[HL] WARN main org.hibernate.hql.internal.ast.HqlSqlWalker - [DEPRECATION] Encountered positional parameter near line 1, column 72.  Positional parameter are considered deprecated; use named parameters or JPA-style positional parameters instead.
2014-09-23 10:37:40,074-[HL] WARN pool-1-thread-3 org.hibernate.hql.internal.ast.HqlSqlWalker - [DEPRECATION] Encountered positional parameter near line 1, column 77.  Positional parameter are considered deprecated; use named parameters or JPA-style positional parameters instead.
2014-09-23 10:37:40,084-[HL] WARN pool-1-thread-3 org.hibernate.hql.internal.ast.HqlSqlWalker - [DEPRECATION] Encountered positional parameter near line 1, column 77.  Positional parameter are considered deprecated; use named parameters or JPA-style positional parameters instead.
2014-09-23 10:37:40,095-[HL] WARN pool-1-thread-3 org.hibernate.hql.internal.ast.HqlSqlWalker - [DEPRECATION] Encountered positional parameter near line 1, column 78.  Positional parameter are considered deprecated; use named parameters or JPA-style positional parameters instead.
2014-09-23 10:37:40,096-[HL] WARN pool-1-thread-3 org.hibernate.hql.internal.ast.HqlSqlWalker - [DEPRECATION] Encountered positional parameter near line 1, column 98.  Positional parameter are considered deprecated; use named parameters or JPA-style positional parameters instead.
2014-09-23 10:37:40,105-[HL] WARN pool-1-thread-3 org.hibernate.hql.internal.ast.HqlSqlWalker - [DEPRECATION] Encountered positional parameter near line 1, column 78.  Positional parameter are considered deprecated; use named parameters or JPA-style positional parameters instead.
2014-09-23 10:37:40,110-[HL] WARN main org.hibernate.hql.internal.ast.HqlSqlWalker - [DEPRECATION] Encountered positional parameter near line 1, column 42.  Positional parameter are considered deprecated; use named parameters or JPA-style positional parameters instead.
2014-09-23 10:37:40,110-[HL] WARN main org.hibernate.hql.internal.ast.HqlSqlWalker - [DEPRECATION] Encountered positional parameter near line 1, column 55.  Positional parameter are considered deprecated; use named parameters or JPA-style positional parameters instead.
2014-09-23 10:37:40,225-[HL] WARN pool-1-thread-3 org.hibernate.engine.jdbc.spi.SqlExceptionHelper - SQL Error: 0, SQLState: null
2014-09-23 10:38:22,393-[HL] WARN main org.hibernate.internal.util.xml.DTDEntityResolver - HHH000223: Recognized obsolete hibernate namespace http://hibernate.sourceforge.net/. Use namespace http://www.hibernate.org/dtd/ instead. Refer to Hibernate 3.6 Migration Guide!
2014-09-23 10:38:24,187-[HL] WARN main org.hibernate.cache.ehcache.AbstractEhcacheRegionFactory - HHH020003: Could not find a specific ehcache configuration for cache named [org.hibernate.cache.spi.UpdateTimestampsCache]; using defaults.
2014-09-23 10:38:24,207-[HL] WARN main org.hibernate.cache.ehcache.AbstractEhcacheRegionFactory - HHH020003: Could not find a specific ehcache configuration for cache named [org.hibernate.cache.internal.StandardQueryCache]; using defaults.
2014-09-23 10:38:24,342-[HL] WARN main org.hibernate.cache.ehcache.AbstractEhcacheRegionFactory - HHH020003: Could not find a specific ehcache configuration for cache named [com.absir.appserv.client.bean.JQuestionCategory]; using defaults.
2014-09-23 10:38:24,356-[HL] WARN main org.hibernate.cache.ehcache.AbstractEhcacheRegionFactory - HHH020003: Could not find a specific ehcache configuration for cache named [com.absir.appserv.system.bean.JMenuCite]; using defaults.
2014-09-23 10:38:24,363-[HL] WARN main org.hibernate.cache.ehcache.AbstractEhcacheRegionFactory - HHH020003: Could not find a specific ehcache configuration for cache named [com.absir.appserv.client.bean.JActivityRecard]; using defaults.
2014-09-23 10:38:24,377-[HL] WARN main org.hibernate.cache.ehcache.AbstractEhcacheRegionFactory - HHH020003: Could not find a specific ehcache configuration for cache named [com.absir.appserv.system.bean.JMenu]; using defaults.
2014-09-23 10:38:24,422-[HL] WARN main org.hibernate.cache.ehcache.AbstractEhcacheRegionFactory - HHH020003: Could not find a specific ehcache configuration for cache named [com.absir.appserv.client.bean.JFollowMessage]; using defaults.
2014-09-23 10:38:24,429-[HL] WARN main org.hibernate.cache.ehcache.AbstractEhcacheRegionFactory - HHH020003: Could not find a specific ehcache configuration for cache named [com.absir.appserv.system.bean.JMenuPermission]; using defaults.
2014-09-23 10:38:24,444-[HL] WARN main org.hibernate.cache.ehcache.AbstractEhcacheRegionFactory - HHH020003: Could not find a specific ehcache configuration for cache named [com.absir.appserv.client.bean.JQuestion]; using defaults.
2014-09-23 10:38:24,453-[HL] WARN main org.hibernate.cache.ehcache.AbstractEhcacheRegionFactory - HHH020003: Could not find a specific ehcache configuration for cache named [com.absir.appserv.system.bean.JMaMenu]; using defaults.
2014-09-23 10:38:24,471-[HL] WARN main org.hibernate.cache.ehcache.AbstractEhcacheRegionFactory - HHH020003: Could not find a specific ehcache configuration for cache named [com.absir.appserv.client.bean.JFollow]; using defaults.
2014-09-23 10:38:24,483-[HL] WARN main org.hibernate.cache.ehcache.AbstractEhcacheRegionFactory - HHH020003: Could not find a specific ehcache configuration for cache named [com.absir.appserv.client.bean.JActivityHistory]; using defaults.
2014-09-23 10:38:24,498-[HL] WARN main org.hibernate.cache.ehcache.AbstractEhcacheRegionFactory - HHH020003: Could not find a specific ehcache configuration for cache named [com.absir.appserv.client.bean.JSuggestion]; using defaults.
2014-09-23 10:38:24,506-[HL] WARN main org.hibernate.cache.ehcache.AbstractEhcacheRegionFactory - HHH020003: Could not find a specific ehcache configuration for cache named [com.absir.appserv.client.bean.JQuestionAnswer]; using defaults.
2014-09-23 10:38:24,515-[HL] WARN main org.hibernate.cache.ehcache.AbstractEhcacheRegionFactory - HHH020003: Could not find a specific ehcache configuration for cache named [com.absir.appserv.client.bean.JPlayer]; using defaults.
2014-09-23 10:38:24,532-[HL] WARN main org.hibernate.cache.ehcache.AbstractEhcacheRegionFactory - HHH020003: Could not find a specific ehcache configuration for cache named [com.absir.appserv.client.bean.JPlayerReward]; using defaults.
2014-09-23 10:38:24,558-[HL] WARN main org.hibernate.cache.ehcache.AbstractEhcacheRegionFactory - HHH020003: Could not find a specific ehcache configuration for cache named [com.absir.appserv.system.bean.JMaMenu.permissions]; using defaults.
2014-09-23 10:38:24,562-[HL] WARN main org.hibernate.cache.ehcache.AbstractEhcacheRegionFactory - HHH020003: Could not find a specific ehcache configuration for cache named [com.absir.appserv.system.bean.JMenu.children]; using defaults.
2014-09-23 10:38:25,876-[HL] WARN main org.hibernate.hql.internal.ast.HqlSqlWalker - [DEPRECATION] Encountered positional parameter near line 1, column 75.  Positional parameter are considered deprecated; use named parameters or JPA-style positional parameters instead.
2014-09-23 10:38:26,461-[HL] WARN pool-1-thread-3 org.hibernate.hql.internal.ast.HqlSqlWalker - [DEPRECATION] Encountered positional parameter near line 1, column 78.  Positional parameter are considered deprecated; use named parameters or JPA-style positional parameters instead.
2014-09-23 10:38:26,463-[HL] WARN pool-1-thread-3 org.hibernate.hql.internal.ast.HqlSqlWalker - [DEPRECATION] Encountered positional parameter near line 1, column 98.  Positional parameter are considered deprecated; use named parameters or JPA-style positional parameters instead.
2014-09-23 10:38:26,573-[HL] WARN main org.hibernate.hql.internal.ast.HqlSqlWalker - [DEPRECATION] Encountered positional parameter near line 1, column 72.  Positional parameter are considered deprecated; use named parameters or JPA-style positional parameters instead.
2014-09-23 10:38:26,580-[HL] WARN main org.hibernate.hql.internal.ast.HqlSqlWalker - [DEPRECATION] Encountered positional parameter near line 1, column 72.  Positional parameter are considered deprecated; use named parameters or JPA-style positional parameters instead.
2014-09-23 10:38:26,631-[HL] WARN pool-1-thread-3 org.hibernate.hql.internal.ast.HqlSqlWalker - [DEPRECATION] Encountered positional parameter near line 1, column 77.  Positional parameter are considered deprecated; use named parameters or JPA-style positional parameters instead.
2014-09-23 10:38:26,639-[HL] WARN pool-1-thread-3 org.hibernate.hql.internal.ast.HqlSqlWalker - [DEPRECATION] Encountered positional parameter near line 1, column 77.  Positional parameter are considered deprecated; use named parameters or JPA-style positional parameters instead.
2014-09-23 10:38:26,651-[HL] WARN pool-1-thread-3 org.hibernate.hql.internal.ast.HqlSqlWalker - [DEPRECATION] Encountered positional parameter near line 1, column 78.  Positional parameter are considered deprecated; use named parameters or JPA-style positional parameters instead.
2014-09-23 10:38:26,651-[HL] WARN pool-1-thread-3 org.hibernate.hql.internal.ast.HqlSqlWalker - [DEPRECATION] Encountered positional parameter near line 1, column 98.  Positional parameter are considered deprecated; use named parameters or JPA-style positional parameters instead.
2014-09-23 10:38:26,655-[HL] WARN main org.hibernate.hql.internal.ast.HqlSqlWalker - [DEPRECATION] Encountered positional parameter near line 1, column 42.  Positional parameter are considered deprecated; use named parameters or JPA-style positional parameters instead.
2014-09-23 10:38:26,655-[HL] WARN main org.hibernate.hql.internal.ast.HqlSqlWalker - [DEPRECATION] Encountered positional parameter near line 1, column 55.  Positional parameter are considered deprecated; use named parameters or JPA-style positional parameters instead.
2014-09-23 10:38:26,661-[HL] WARN pool-1-thread-3 org.hibernate.hql.internal.ast.HqlSqlWalker - [DEPRECATION] Encountered positional parameter near line 1, column 78.  Positional parameter are considered deprecated; use named parameters or JPA-style positional parameters instead.
2014-09-23 10:38:26,787-[HL] WARN pool-1-thread-3 org.hibernate.engine.jdbc.spi.SqlExceptionHelper - SQL Error: 0, SQLState: null
2014-09-23 10:46:58,060-[HL] WARN main org.hibernate.internal.util.xml.DTDEntityResolver - HHH000223: Recognized obsolete hibernate namespace http://hibernate.sourceforge.net/. Use namespace http://www.hibernate.org/dtd/ instead. Refer to Hibernate 3.6 Migration Guide!
2014-09-23 10:46:59,971-[HL] WARN main org.hibernate.cache.ehcache.AbstractEhcacheRegionFactory - HHH020003: Could not find a specific ehcache configuration for cache named [org.hibernate.cache.spi.UpdateTimestampsCache]; using defaults.
2014-09-23 10:46:59,989-[HL] WARN main org.hibernate.cache.ehcache.AbstractEhcacheRegionFactory - HHH020003: Could not find a specific ehcache configuration for cache named [org.hibernate.cache.internal.StandardQueryCache]; using defaults.
2014-09-23 10:47:00,133-[HL] WARN main org.hibernate.cache.ehcache.AbstractEhcacheRegionFactory - HHH020003: Could not find a specific ehcache configuration for cache named [com.absir.appserv.client.bean.JQuestionCategory]; using defaults.
2014-09-23 10:47:00,147-[HL] WARN main org.hibernate.cache.ehcache.AbstractEhcacheRegionFactory - HHH020003: Could not find a specific ehcache configuration for cache named [com.absir.appserv.system.bean.JMenuCite]; using defaults.
2014-09-23 10:47:00,154-[HL] WARN main org.hibernate.cache.ehcache.AbstractEhcacheRegionFactory - HHH020003: Could not find a specific ehcache configuration for cache named [com.absir.appserv.client.bean.JActivityRecard]; using defaults.
2014-09-23 10:47:00,171-[HL] WARN main org.hibernate.cache.ehcache.AbstractEhcacheRegionFactory - HHH020003: Could not find a specific ehcache configuration for cache named [com.absir.appserv.system.bean.JMenu]; using defaults.
2014-09-23 10:47:00,206-[HL] WARN main org.hibernate.cache.ehcache.AbstractEhcacheRegionFactory - HHH020003: Could not find a specific ehcache configuration for cache named [com.absir.appserv.client.bean.JFollowMessage]; using defaults.
2014-09-23 10:47:00,210-[HL] WARN main org.hibernate.cache.ehcache.AbstractEhcacheRegionFactory - HHH020003: Could not find a specific ehcache configuration for cache named [com.absir.appserv.system.bean.JMenuPermission]; using defaults.
2014-09-23 10:47:00,231-[HL] WARN main org.hibernate.cache.ehcache.AbstractEhcacheRegionFactory - HHH020003: Could not find a specific ehcache configuration for cache named [com.absir.appserv.client.bean.JQuestion]; using defaults.
2014-09-23 10:47:00,239-[HL] WARN main org.hibernate.cache.ehcache.AbstractEhcacheRegionFactory - HHH020003: Could not find a specific ehcache configuration for cache named [com.absir.appserv.system.bean.JMaMenu]; using defaults.
2014-09-23 10:47:00,257-[HL] WARN main org.hibernate.cache.ehcache.AbstractEhcacheRegionFactory - HHH020003: Could not find a specific ehcache configuration for cache named [com.absir.appserv.client.bean.JFollow]; using defaults.
2014-09-23 10:47:00,268-[HL] WARN main org.hibernate.cache.ehcache.AbstractEhcacheRegionFactory - HHH020003: Could not find a specific ehcache configuration for cache named [com.absir.appserv.client.bean.JActivityHistory]; using defaults.
2014-09-23 10:47:00,281-[HL] WARN main org.hibernate.cache.ehcache.AbstractEhcacheRegionFactory - HHH020003: Could not find a specific ehcache configuration for cache named [com.absir.appserv.client.bean.JSuggestion]; using defaults.
2014-09-23 10:47:00,288-[HL] WARN main org.hibernate.cache.ehcache.AbstractEhcacheRegionFactory - HHH020003: Could not find a specific ehcache configuration for cache named [com.absir.appserv.client.bean.JQuestionAnswer]; using defaults.
2014-09-23 10:47:00,296-[HL] WARN main org.hibernate.cache.ehcache.AbstractEhcacheRegionFactory - HHH020003: Could not find a specific ehcache configuration for cache named [com.absir.appserv.client.bean.JPlayer]; using defaults.
2014-09-23 10:47:00,316-[HL] WARN main org.hibernate.cache.ehcache.AbstractEhcacheRegionFactory - HHH020003: Could not find a specific ehcache configuration for cache named [com.absir.appserv.client.bean.JPlayerReward]; using defaults.
2014-09-23 10:47:00,342-[HL] WARN main org.hibernate.cache.ehcache.AbstractEhcacheRegionFactory - HHH020003: Could not find a specific ehcache configuration for cache named [com.absir.appserv.system.bean.JMaMenu.permissions]; using defaults.
2014-09-23 10:47:00,347-[HL] WARN main org.hibernate.cache.ehcache.AbstractEhcacheRegionFactory - HHH020003: Could not find a specific ehcache configuration for cache named [com.absir.appserv.system.bean.JMenu.children]; using defaults.
2014-09-23 10:47:01,700-[HL] WARN main org.hibernate.hql.internal.ast.HqlSqlWalker - [DEPRECATION] Encountered positional parameter near line 1, column 75.  Positional parameter are considered deprecated; use named parameters or JPA-style positional parameters instead.
2014-09-23 10:47:02,294-[HL] WARN pool-1-thread-3 org.hibernate.hql.internal.ast.HqlSqlWalker - [DEPRECATION] Encountered positional parameter near line 1, column 78.  Positional parameter are considered deprecated; use named parameters or JPA-style positional parameters instead.
2014-09-23 10:47:02,294-[HL] WARN pool-1-thread-3 org.hibernate.hql.internal.ast.HqlSqlWalker - [DEPRECATION] Encountered positional parameter near line 1, column 98.  Positional parameter are considered deprecated; use named parameters or JPA-style positional parameters instead.
2014-09-23 10:47:02,414-[HL] WARN main org.hibernate.hql.internal.ast.HqlSqlWalker - [DEPRECATION] Encountered positional parameter near line 1, column 72.  Positional parameter are considered deprecated; use named parameters or JPA-style positional parameters instead.
2014-09-23 10:47:02,421-[HL] WARN main org.hibernate.hql.internal.ast.HqlSqlWalker - [DEPRECATION] Encountered positional parameter near line 1, column 72.  Positional parameter are considered deprecated; use named parameters or JPA-style positional parameters instead.
2014-09-23 10:47:02,478-[HL] WARN pool-1-thread-3 org.hibernate.hql.internal.ast.HqlSqlWalker - [DEPRECATION] Encountered positional parameter near line 1, column 77.  Positional parameter are considered deprecated; use named parameters or JPA-style positional parameters instead.
2014-09-23 10:47:02,486-[HL] WARN pool-1-thread-3 org.hibernate.hql.internal.ast.HqlSqlWalker - [DEPRECATION] Encountered positional parameter near line 1, column 77.  Positional parameter are considered deprecated; use named parameters or JPA-style positional parameters instead.
2014-09-23 10:47:02,494-[HL] WARN pool-1-thread-3 org.hibernate.hql.internal.ast.HqlSqlWalker - [DEPRECATION] Encountered positional parameter near line 1, column 78.  Positional parameter are considered deprecated; use named parameters or JPA-style positional parameters instead.
2014-09-23 10:47:02,495-[HL] WARN pool-1-thread-3 org.hibernate.hql.internal.ast.HqlSqlWalker - [DEPRECATION] Encountered positional parameter near line 1, column 98.  Positional parameter are considered deprecated; use named parameters or JPA-style positional parameters instead.
2014-09-23 10:47:02,503-[HL] WARN main org.hibernate.hql.internal.ast.HqlSqlWalker - [DEPRECATION] Encountered positional parameter near line 1, column 42.  Positional parameter are considered deprecated; use named parameters or JPA-style positional parameters instead.
2014-09-23 10:47:02,503-[HL] WARN main org.hibernate.hql.internal.ast.HqlSqlWalker - [DEPRECATION] Encountered positional parameter near line 1, column 55.  Positional parameter are considered deprecated; use named parameters or JPA-style positional parameters instead.
